[debug] [2025-12-15T21:31:33.226Z] ----------------------------------------------------------------------
[debug] [2025-12-15T21:31:33.228Z] Command:       /usr/local/bin/node /usr/local/bin/firebase deploy --only hosting
[debug] [2025-12-15T21:31:33.228Z] CLI Version:   14.4.0
[debug] [2025-12-15T21:31:33.228Z] Platform:      darwin
[debug] [2025-12-15T21:31:33.228Z] Node Version:  v20.19.2
[debug] [2025-12-15T21:31:33.228Z] Time:          Mon Dec 15 2025 16:31:33 GMT-0500 (Eastern Standard Time)
[debug] [2025-12-15T21:31:33.228Z] ----------------------------------------------------------------------
[debug] 
[debug] [2025-12-15T21:31:33.229Z] >>> [apiv2][query] GET https://firebase-public.firebaseio.com/cli.json [none]
[debug] [2025-12-15T21:31:33.342Z] > command requires scopes: ["email","openid","https://www.googleapis.com/auth/cloudplatformprojects.readonly","https://www.googleapis.com/auth/firebase","https://www.googleapis.com/auth/cloud-platform"]
[debug] [2025-12-15T21:31:33.342Z] > authorizing via signed-in user (james@ducksoftware.net)
[debug] [2025-12-15T21:31:33.342Z] [iam] checking project loyaltyexhibit for permissions ["firebase.projects.get","firebasehosting.sites.update"]
[debug] [2025-12-15T21:31:33.342Z] Checked if tokens are valid: false, expires at: 1765521263187
[debug] [2025-12-15T21:31:33.342Z] Checked if tokens are valid: false, expires at: 1765521263187
[debug] [2025-12-15T21:31:33.343Z] > refreshing access token with scopes: []
[debug] [2025-12-15T21:31:33.343Z] >>> [apiv2][query] POST https://www.googleapis.com/oauth2/v3/token [none]
[debug] [2025-12-15T21:31:33.343Z] >>> [apiv2][body] POST https://www.googleapis.com/oauth2/v3/token [omitted]
[debug] [2025-12-15T21:31:33.461Z] <<< [apiv2][status] GET https://firebase-public.firebaseio.com/cli.json 200
[debug] [2025-12-15T21:31:33.462Z] <<< [apiv2][body] GET https://firebase-public.firebaseio.com/cli.json {"cloudBuildErrorAfter":1594252800000,"cloudBuildWarnAfter":1590019200000,"defaultNode10After":1594252800000,"minVersion":"3.0.5","node8DeploysDisabledAfter":1613390400000,"node8RuntimeDisabledAfter":1615809600000,"node8WarnAfter":1600128000000}
[debug] [2025-12-15T21:31:33.476Z] <<< [apiv2][status] POST https://www.googleapis.com/oauth2/v3/token 200
[debug] [2025-12-15T21:31:33.476Z] <<< [apiv2][body] POST https://www.googleapis.com/oauth2/v3/token [omitted]
[debug] [2025-12-15T21:31:33.483Z] >>> [apiv2][query] POST https://cloudresourcemanager.googleapis.com/v1/projects/loyaltyexhibit:testIamPermissions [none]
[debug] [2025-12-15T21:31:33.483Z] >>> [apiv2][(partial)header] POST https://cloudresourcemanager.googleapis.com/v1/projects/loyaltyexhibit:testIamPermissions x-goog-quota-user=projects/loyaltyexhibit
[debug] [2025-12-15T21:31:33.483Z] >>> [apiv2][body] POST https://cloudresourcemanager.googleapis.com/v1/projects/loyaltyexhibit:testIamPermissions {"permissions":["firebase.projects.get","firebasehosting.sites.update"]}
[debug] [2025-12-15T21:31:33.637Z] <<< [apiv2][status] POST https://cloudresourcemanager.googleapis.com/v1/projects/loyaltyexhibit:testIamPermissions 200
[debug] [2025-12-15T21:31:33.637Z] <<< [apiv2][body] POST https://cloudresourcemanager.googleapis.com/v1/projects/loyaltyexhibit:testIamPermissions {"permissions":["firebase.projects.get","firebasehosting.sites.update"]}
[debug] [2025-12-15T21:31:33.638Z] Checked if tokens are valid: true, expires at: 1765837892476
[debug] [2025-12-15T21:31:33.638Z] Checked if tokens are valid: true, expires at: 1765837892476
[debug] [2025-12-15T21:31:33.638Z] >>> [apiv2][query] GET https://firebase.googleapis.com/v1beta1/projects/loyaltyexhibit [none]
[debug] [2025-12-15T21:31:33.905Z] <<< [apiv2][status] GET https://firebase.googleapis.com/v1beta1/projects/loyaltyexhibit 200
[debug] [2025-12-15T21:31:33.905Z] <<< [apiv2][body] GET https://firebase.googleapis.com/v1beta1/projects/loyaltyexhibit {"projectId":"loyaltyexhibit","projectNumber":"110220117558","displayName":"loyaltyexhibit","name":"projects/loyaltyexhibit","resources":{"hostingSite":"loyaltyexhibit"},"state":"ACTIVE","etag":"1_589a94e3-91c9-4b3e-b829-4602f17b5666"}
[info] 
[info] === Deploying to 'loyaltyexhibit'...
[info] 
[info] i  deploying hosting 
[debug] [2025-12-15T21:31:33.912Z] Checked if tokens are valid: true, expires at: 1765837892476
[debug] [2025-12-15T21:31:33.913Z] Checked if tokens are valid: true, expires at: 1765837892476
[debug] [2025-12-15T21:31:33.913Z] >>> [apiv2][query] POST https://firebasehosting.googleapis.com/v1beta1/projects/-/sites/loyaltyexhibit/versions [none]
[debug] [2025-12-15T21:31:33.913Z] >>> [apiv2][body] POST https://firebasehosting.googleapis.com/v1beta1/projects/-/sites/loyaltyexhibit/versions {"status":"CREATED","labels":{"deployment-tool":"cli-firebase"}}
